Arguments: 
  /usr/bin/nodejs /usr/share/yarn/bin/yarn.js add angular-ui-router

PATH: 
  /home/ubuntu/bin:/home/ubuntu/.local/bin:/usr/local/sbin:/usr/local/bin:/usr/sbin:/usr/bin:/sbin:/bin:/usr/games:/usr/local/games:/snap/bin

Yarn version: 
  0.24.5

Node version: 
  4.2.6

Platform: 
  linux x64

npm manifest: 
  {
    "name": "yarn_implementation",
    "version": "1.0.0",
    "description": "Implementing Yarn with angular",
    "main": "index.js",
    "author": "Abby",
    "license": "self-owned",
    "dependencies": {
      "angular": "^1.6.4",
      "bootstrap": "^3.3.7",
      "jquery": "^3.2.1"
    }
  }

yarn manifest: 
  No manifest

Lockfile: 
  # THIS IS AN AUTOGENERATED FILE. DO NOT EDIT THIS FILE DIRECTLY.
  # yarn lockfile v1
  
  
  angular@^1.6.4:
    version "1.6.4"
    resolved "https://registry.yarnpkg.com/angular/-/angular-1.6.4.tgz#03b7b15c01a0802d7e2cf593240e604054dc77fb"
  
  bootstrap@^3.3.7:
    version "3.3.7"
    resolved "https://registry.yarnpkg.com/bootstrap/-/bootstrap-3.3.7.tgz#5a389394549f23330875a3b150656574f8a9eb71"
  
  jquery@^3.2.1:
    version "3.2.1"
    resolved "https://registry.yarnpkg.com/jquery/-/jquery-3.2.1.tgz#5c4d9de652af6cd0a770154a631bba12b015c787"

Trace: 
  Error: /media/ubuntu/ABBU2433/yarn_implementation/node_modules/@uirouter/core: spawn ENOMEM
      at exports._errnoException (util.js:870:11)
      at ChildProcess.spawn (internal/child_process.js:298:11)
      at Object.exports.spawn (child_process.js:362:9)
      at /usr/share/yarn/lib/yarn-cli.js:33980:24
      at new Promise (/usr/share/yarn/lib/yarn-cli.js:83403:7)
      at /usr/share/yarn/lib/yarn-cli.js:33979:54
      at run (/usr/share/yarn/lib/yarn-cli.js:37002:7)
      at BlockingQueue.maybePushConcurrencyQueue (/usr/share/yarn/lib/yarn-cli.js:37017:7)
      at BlockingQueue.shift (/usr/share/yarn/lib/yarn-cli.js:37012:10)
      at /usr/share/yarn/lib/yarn-cli.js:36962:14
